Using pre-set license
Built from '2021.1/staging' branch; Version is '2021.1.7f1 (d91830b65d9b) revision 14227504'; Using compiler version '192528614'; Build Type 'Release'
OS: 'Windows 10 Home; OS build 19042.1052; Version 2009; 64bit' Language: 'ko' Physical Memory: 4005 MB
BatchMode: 1, IsHumanControllingUs: 0, StartBugReporterOnCrash: 0, Is64bit: 1, IsPro: 0

 COMMAND LINE ARGUMENTS:
C:\Program Files\Unity\Hub\Editor\2021.1.7f1\Editor\Unity.exe
-adb2
-batchMode
-noUpm
-name
AssetImportWorker1
-projectPath
C:/Users/main/New Unity Project (1)
-logFile
Logs/AssetImportWorker1.log
-srvPort
11027
Successfully changed project path to: C:/Users/main/New Unity Project (1)
C:/Users/main/New Unity Project (1)
Using Asset Import Pipeline V2.
Refreshing native plugins compatible for Editor in 274.57 ms, found 1 plugins.
Preloading 0 native plugins for Editor in 0.00 ms.
Initialize engine version: 2021.1.7f1 (d91830b65d9b)
[Subsystems] Discovering subsystems at path C:/Program Files/Unity/Hub/Editor/2021.1.7f1/Editor/Data/Resources/UnitySubsystems
[Subsystems] Discovering subsystems at path C:/Users/main/New Unity Project (1)/Assets
GfxDevice: creating device client; threaded=0; jobified=0
Direct3D:
    Version:  Direct3D 11.0 [level 11.1]
    Renderer: Intel(R) HD Graphics 610 (ID=0x5906)
    Vendor:   Intel
    VRAM:     2002 MB
    Driver:   25.20.100.6576
Initialize mono
Mono path[0] = 'C:/Program Files/Unity/Hub/Editor/2021.1.7f1/Editor/Data/Managed'
Mono path[1] = 'C:/Program Files/Unity/Hub/Editor/2021.1.7f1/Editor/Data/MonoBleedingEdge/lib/mono/unityjit'
Mono config path = 'C:/Program Files/Unity/Hub/Editor/2021.1.7f1/Editor/Data/MonoBleedingEdge/etc'
Using monoOptions --debugger-agent=transport=dt_socket,embedding=1,server=y,suspend=n,address=127.0.0.1:56336
Begin MonoManager ReloadAssembly
Registering precompiled unity dll's ...
Register platform support module: C:/Program Files/Unity/Hub/Editor/2021.1.7f1/Editor/Data/PlaybackEngines/WindowsStandaloneSupport/UnityEditor.WindowsStandalone.Extensions.dll
Registered in 0.006929 seconds.
Native extension for WindowsStandalone target not found
Refreshing native plugins compatible for Editor in 152.10 ms, found 1 plugins.
Preloading 0 native plugins for Editor in 0.00 ms.
Mono: successfully reloaded assembly
- Completed reload, in  9.762 seconds
Platform modules already initialized, skipping
Registering precompiled user dll's ...
Registered in 0.016512 seconds.
Begin MonoManager ReloadAssembly
Symbol file LoadedFromMemory doesn't match image C:\Users\main\New Unity Project (1)\Library\PackageCache\com.unity.visualscripting@1.6.1\Editor\VisualScripting.Core\Dependencies\YamlDotNet\Unity.VisualScripting.YamlDotNet.dll
Symbol file LoadedFromMemory doesn't match image C:\Users\main\New Unity Project (1)\Library\PackageCache\com.unity.visualscripting@1.6.1\Editor\VisualScripting.Core\Dependencies\DotNetZip\Unity.VisualScripting.IonicZip.dll
Native extension for WindowsStandalone target not found
Refreshing native plugins compatible for Editor in 0.90 ms, found 1 plugins.
Preloading 0 native plugins for Editor in 0.00 ms.
Mono: successfully reloaded assembly
- Completed reload, in  2.366 seconds
Platform modules already initialized, skipping
========================================================================
Worker process is ready to serve import requests
Launched and connected shader compiler UnityShaderCompiler.exe after 0.28 seconds
Refreshing native plugins compatible for Editor in 1.29 ms, found 1 plugins.
Preloading 0 native plugins for Editor in 0.00 ms.
Unloading 2669 Unused Serialized files (Serialized files now loaded: 0)
System memory in use before: 102.7 MB.
System memory in use after: 102.8 MB.

Unloading 14 unused Assets to reduce memory usage. Loaded Objects now: 3123.
Total: 19.130000 ms (FindLiveObjects: 1.443000 ms CreateObjectMapping: 5.130500 ms MarkObjects: 12.116200 ms  DeleteObjects: 0.435500 ms)

========================================================================
Received Import Request.
  path: Assets/scripts/BulletScripts.cs
  artifactKey: Guid(0849f4ff053d64f4d9e7ef7dab9a4293) Importer(815301076,1909f56bfc062723c751e8b465ee728b)
Start importing Assets/scripts/BulletScripts.cs using Guid(0849f4ff053d64f4d9e7ef7dab9a4293) Importer(815301076,1909f56bfc062723c751e8b465ee728b)  -> (artifact id: 'a950ffdcf89b06d85b68d43f1804632a') in 1.922238 seconds 
========================================================================
Received Prepare
Registering precompiled user dll's ...
Registered in 0.004720 seconds.
Begin MonoManager ReloadAssembly
Symbol file LoadedFromMemory doesn't match image C:\Users\main\New Unity Project (1)\Library\PackageCache\com.unity.visualscripting@1.6.1\Editor\VisualScripting.Core\Dependencies\YamlDotNet\Unity.VisualScripting.YamlDotNet.dll
Symbol file LoadedFromMemory doesn't match image C:\Users\main\New Unity Project (1)\Library\PackageCache\com.unity.visualscripting@1.6.1\Editor\VisualScripting.Core\Dependencies\DotNetZip\Unity.VisualScripting.IonicZip.dll
Native extension for WindowsStandalone target not found
Refreshing native plugins compatible for Editor in 0.74 ms, found 1 plugins.
Preloading 0 native plugins for Editor in 0.00 ms.
Mono: successfully reloaded assembly
- Completed reload, in  2.934 seconds
Platform modules already initialized, skipping
Refreshing native plugins compatible for Editor in 0.65 ms, found 1 plugins.
Preloading 0 native plugins for Editor in 0.00 ms.
Unloading 2664 Unused Serialized files (Serialized files now loaded: 0)
System memory in use before: 102.6 MB.
System memory in use after: 102.8 MB.

Unloading 9 unused Assets to reduce memory usage. Loaded Objects now: 3126.
Total: 3.162100 ms (FindLiveObjects: 0.303400 ms CreateObjectMapping: 0.214500 ms MarkObjects: 2.426100 ms  DeleteObjects: 0.216200 ms)

========================================================================
Received Import Request.
  Time since last request: 405.402853 seconds.
  path: Assets/scripts/BulletScripts.cs
  artifactKey: Guid(0849f4ff053d64f4d9e7ef7dab9a4293) Importer(815301076,1909f56bfc062723c751e8b465ee728b)
Start importing Assets/scripts/BulletScripts.cs using Guid(0849f4ff053d64f4d9e7ef7dab9a4293) Importer(815301076,1909f56bfc062723c751e8b465ee728b)  -> (artifact id: '00e4e9497e2cd1b52c82ab17777a2b3f') in 0.011178 seconds 
========================================================================
Received Import Request.
  Time since last request: 65.534283 seconds.
  path: Assets/material/BulletMatreial.mat
  artifactKey: Guid(f16da9edccf67014f839803c1d3f1a70) Importer(815301076,1909f56bfc062723c751e8b465ee728b)
Start importing Assets/material/BulletMatreial.mat using Guid(f16da9edccf67014f839803c1d3f1a70) Importer(815301076,1909f56bfc062723c751e8b465ee728b)  -> (artifact id: 'f020c19af727711a8d9af6dfdd160920') in 0.417715 seconds 
========================================================================
Received Import Request.
  Time since last request: 0.000484 seconds.
  path: Assets/material/plane matrial.mat
  artifactKey: Guid(31023695197237740b9af4ff9062ee3b) Importer(815301076,1909f56bfc062723c751e8b465ee728b)
Start importing Assets/material/plane matrial.mat using Guid(31023695197237740b9af4ff9062ee3b) Importer(815301076,1909f56bfc062723c751e8b465ee728b)  -> (artifact id: 'ab7cdcb0c61744bdc276c30c3ab122d5') in 0.106149 seconds 
========================================================================
Received Import Request.
  Time since last request: 0.000583 seconds.
  path: Assets/material/player materail.mat
  artifactKey: Guid(3be42fb1ca3ed0a4d89010beddb144ba) Importer(815301076,1909f56bfc062723c751e8b465ee728b)
Start importing Assets/material/player materail.mat using Guid(3be42fb1ca3ed0a4d89010beddb144ba) Importer(815301076,1909f56bfc062723c751e8b465ee728b)  -> (artifact id: '75a7b6b48a7860280b214faf3f65d2c3') in 0.090610 seconds 
========================================================================
Received Import Request.
  Time since last request: 0.000517 seconds.
  path: Assets/material/EnemyMatreial.mat
  artifactKey: Guid(97e76dfa38ebdae4b92c8301480cb5f2) Importer(815301076,1909f56bfc062723c751e8b465ee728b)
Start importing Assets/material/EnemyMatreial.mat using Guid(97e76dfa38ebdae4b92c8301480cb5f2) Importer(815301076,1909f56bfc062723c751e8b465ee728b)  -> (artifact id: 'd520cc60bbb549fa00162fdc0ac2122d') in 0.086175 seconds 
========================================================================
Received Prepare
Registering precompiled user dll's ...
Registered in 0.005599 seconds.
Begin MonoManager ReloadAssembly
Symbol file LoadedFromMemory doesn't match image C:\Users\main\New Unity Project (1)\Library\PackageCache\com.unity.visualscripting@1.6.1\Editor\VisualScripting.Core\Dependencies\YamlDotNet\Unity.VisualScripting.YamlDotNet.dll
Symbol file LoadedFromMemory doesn't match image C:\Users\main\New Unity Project (1)\Library\PackageCache\com.unity.visualscripting@1.6.1\Editor\VisualScripting.Core\Dependencies\DotNetZip\Unity.VisualScripting.IonicZip.dll
Native extension for WindowsStandalone target not found
Refreshing native plugins compatible for Editor in 0.71 ms, found 1 plugins.
Preloading 0 native plugins for Editor in 0.00 ms.
Mono: successfully reloaded assembly
- Completed reload, in  1.711 seconds
Platform modules already initialized, skipping
Refreshing native plugins compatible for Editor in 0.69 ms, found 1 plugins.
Preloading 0 native plugins for Editor in 0.00 ms.
Unloading 2818 Unused Serialized files (Serialized files now loaded: 0)
System memory in use before: 111.7 MB.
System memory in use after: 111.9 MB.

Unloading 11 unused Assets to reduce memory usage. Loaded Objects now: 3321.
Total: 3.570400 ms (FindLiveObjects: 0.344300 ms CreateObjectMapping: 0.237700 ms MarkObjects: 2.831500 ms  DeleteObjects: 0.152300 ms)

========================================================================
Received Prepare
Registering precompiled user dll's ...
Registered in 0.005947 seconds.
Begin MonoManager ReloadAssembly
Symbol file LoadedFromMemory doesn't match image C:\Users\main\New Unity Project (1)\Library\PackageCache\com.unity.visualscripting@1.6.1\Editor\VisualScripting.Core\Dependencies\YamlDotNet\Unity.VisualScripting.YamlDotNet.dll
Symbol file LoadedFromMemory doesn't match image C:\Users\main\New Unity Project (1)\Library\PackageCache\com.unity.visualscripting@1.6.1\Editor\VisualScripting.Core\Dependencies\DotNetZip\Unity.VisualScripting.IonicZip.dll
Native extension for WindowsStandalone target not found
Refreshing native plugins compatible for Editor in 0.72 ms, found 1 plugins.
Preloading 0 native plugins for Editor in 0.00 ms.
Mono: successfully reloaded assembly
- Completed reload, in  2.656 seconds
Platform modules already initialized, skipping
Refreshing native plugins compatible for Editor in 0.70 ms, found 1 plugins.
Preloading 0 native plugins for Editor in 0.00 ms.
Unloading 2818 Unused Serialized files (Serialized files now loaded: 0)
System memory in use before: 111.7 MB.
System memory in use after: 111.9 MB.

Unloading 11 unused Assets to reduce memory usage. Loaded Objects now: 3325.
Total: 3.332500 ms (FindLiveObjects: 0.333000 ms CreateObjectMapping: 0.235900 ms MarkObjects: 2.675900 ms  DeleteObjects: 0.085400 ms)

========================================================================
Received Import Request.
  Time since last request: 520.187996 seconds.
  path: Assets/scripts/NewBehaviourScript.cs
  artifactKey: Guid(7c312be3edef3e442af5ec8ce98352bd) Importer(815301076,1909f56bfc062723c751e8b465ee728b)
Start importing Assets/scripts/NewBehaviourScript.cs using Guid(7c312be3edef3e442af5ec8ce98352bd) Importer(815301076,1909f56bfc062723c751e8b465ee728b)  -> (artifact id: 'c666e54f9cc5f2c49dc7c508c107ee5a') in 0.021453 seconds 
========================================================================
Received Prepare
Registering precompiled user dll's ...
Registered in 0.005604 seconds.
Begin MonoManager ReloadAssembly
Symbol file LoadedFromMemory doesn't match image C:\Users\main\New Unity Project (1)\Library\PackageCache\com.unity.visualscripting@1.6.1\Editor\VisualScripting.Core\Dependencies\YamlDotNet\Unity.VisualScripting.YamlDotNet.dll
Symbol file LoadedFromMemory doesn't match image C:\Users\main\New Unity Project (1)\Library\PackageCache\com.unity.visualscripting@1.6.1\Editor\VisualScripting.Core\Dependencies\DotNetZip\Unity.VisualScripting.IonicZip.dll
Native extension for WindowsStandalone target not found
Refreshing native plugins compatible for Editor in 1.26 ms, found 1 plugins.
Preloading 0 native plugins for Editor in 0.00 ms.
Mono: successfully reloaded assembly
- Completed reload, in  2.300 seconds
Platform modules already initialized, skipping
Refreshing native plugins compatible for Editor in 0.93 ms, found 1 plugins.
Preloading 0 native plugins for Editor in 0.00 ms.
Unloading 2818 Unused Serialized files (Serialized files now loaded: 0)
System memory in use before: 111.7 MB.
System memory in use after: 111.9 MB.

Unloading 11 unused Assets to reduce memory usage. Loaded Objects now: 3328.
Total: 5.164000 ms (FindLiveObjects: 1.092800 ms CreateObjectMapping: 0.758100 ms MarkObjects: 3.223300 ms  DeleteObjects: 0.086600 ms)

========================================================================
Received Import Request.
  Time since last request: 31.276537 seconds.
  path: Assets/scripts/EnemyScript.cs
  artifactKey: Guid(7c312be3edef3e442af5ec8ce98352bd) Importer(815301076,1909f56bfc062723c751e8b465ee728b)
Start importing Assets/scripts/EnemyScript.cs using Guid(7c312be3edef3e442af5ec8ce98352bd) Importer(815301076,1909f56bfc062723c751e8b465ee728b)  -> (artifact id: 'c34eabcaff37a83b069084d9285f5015') in 0.058760 seconds 
========================================================================
Received Prepare
Registering precompiled user dll's ...
Registered in 0.010337 seconds.
Begin MonoManager ReloadAssembly
Symbol file LoadedFromMemory doesn't match image C:\Users\main\New Unity Project (1)\Library\PackageCache\com.unity.visualscripting@1.6.1\Editor\VisualScripting.Core\Dependencies\YamlDotNet\Unity.VisualScripting.YamlDotNet.dll
Symbol file LoadedFromMemory doesn't match image C:\Users\main\New Unity Project (1)\Library\PackageCache\com.unity.visualscripting@1.6.1\Editor\VisualScripting.Core\Dependencies\DotNetZip\Unity.VisualScripting.IonicZip.dll
Native extension for WindowsStandalone target not found
Refreshing native plugins compatible for Editor in 0.88 ms, found 1 plugins.
Preloading 0 native plugins for Editor in 0.00 ms.
Mono: successfully reloaded assembly
- Completed reload, in  1.730 seconds
Platform modules already initialized, skipping
Refreshing native plugins compatible for Editor in 0.95 ms, found 1 plugins.
Preloading 0 native plugins for Editor in 0.00 ms.
Unloading 2818 Unused Serialized files (Serialized files now loaded: 0)
System memory in use before: 111.7 MB.
System memory in use after: 111.9 MB.

Unloading 11 unused Assets to reduce memory usage. Loaded Objects now: 3331.
Total: 4.573000 ms (FindLiveObjects: 0.449400 ms CreateObjectMapping: 0.349200 ms MarkObjects: 3.657200 ms  DeleteObjects: 0.114800 ms)

========================================================================
Received Prepare
Registering precompiled user dll's ...
Registered in 0.009830 seconds.
Begin MonoManager ReloadAssembly
Symbol file LoadedFromMemory doesn't match image C:\Users\main\New Unity Project (1)\Library\PackageCache\com.unity.visualscripting@1.6.1\Editor\VisualScripting.Core\Dependencies\YamlDotNet\Unity.VisualScripting.YamlDotNet.dll
Symbol file LoadedFromMemory doesn't match image C:\Users\main\New Unity Project (1)\Library\PackageCache\com.unity.visualscripting@1.6.1\Editor\VisualScripting.Core\Dependencies\DotNetZip\Unity.VisualScripting.IonicZip.dll
Native extension for WindowsStandalone target not found
Refreshing native plugins compatible for Editor in 1.01 ms, found 1 plugins.
Preloading 0 native plugins for Editor in 0.00 ms.
Mono: successfully reloaded assembly
- Completed reload, in  2.022 seconds
Platform modules already initialized, skipping
Refreshing native plugins compatible for Editor in 1.13 ms, found 1 plugins.
Preloading 0 native plugins for Editor in 0.00 ms.
Unloading 2819 Unused Serialized files (Serialized files now loaded: 0)
System memory in use before: 111.8 MB.
System memory in use after: 111.9 MB.

Unloading 11 unused Assets to reduce memory usage. Loaded Objects now: 3335.
Total: 5.202300 ms (FindLiveObjects: 0.316300 ms CreateObjectMapping: 0.226700 ms MarkObjects: 4.575800 ms  DeleteObjects: 0.082100 ms)

========================================================================
Received Import Request.
  Time since last request: 819.332251 seconds.
  path: Assets/scripts/EnemyScript.cs
  artifactKey: Guid(7c312be3edef3e442af5ec8ce98352bd) Importer(815301076,1909f56bfc062723c751e8b465ee728b)
Start importing Assets/scripts/EnemyScript.cs using Guid(7c312be3edef3e442af5ec8ce98352bd) Importer(815301076,1909f56bfc062723c751e8b465ee728b)  -> (artifact id: '5ef810d5d3cbf7051c2c45560a8ec870') in 0.028264 seconds 
========================================================================
Received Prepare
Registering precompiled user dll's ...
Registered in 0.012782 seconds.
Begin MonoManager ReloadAssembly
Symbol file LoadedFromMemory doesn't match image C:\Users\main\New Unity Project (1)\Library\PackageCache\com.unity.visualscripting@1.6.1\Editor\VisualScripting.Core\Dependencies\YamlDotNet\Unity.VisualScripting.YamlDotNet.dll
Symbol file LoadedFromMemory doesn't match image C:\Users\main\New Unity Project (1)\Library\PackageCache\com.unity.visualscripting@1.6.1\Editor\VisualScripting.Core\Dependencies\DotNetZip\Unity.VisualScripting.IonicZip.dll
Native extension for WindowsStandalone target not found
Refreshing native plugins compatible for Editor in 0.99 ms, found 1 plugins.
Preloading 0 native plugins for Editor in 0.00 ms.
Mono: successfully reloaded assembly
- Completed reload, in  5.035 seconds
Platform modules already initialized, skipping
Refreshing native plugins compatible for Editor in 0.73 ms, found 1 plugins.
Preloading 0 native plugins for Editor in 0.00 ms.
Unloading 2819 Unused Serialized files (Serialized files now loaded: 0)
System memory in use before: 111.8 MB.
System memory in use after: 111.9 MB.

Unloading 11 unused Assets to reduce memory usage. Loaded Objects now: 3338.
Total: 13.998900 ms (FindLiveObjects: 0.729500 ms CreateObjectMapping: 0.336900 ms MarkObjects: 12.148500 ms  DeleteObjects: 0.775000 ms)

========================================================================
Received Import Request.
  Time since last request: 191.642490 seconds.
  path: Assets/scripts/EnemyScript.cs
  artifactKey: Guid(7c312be3edef3e442af5ec8ce98352bd) Importer(815301076,1909f56bfc062723c751e8b465ee728b)
Start importing Assets/scripts/EnemyScript.cs using Guid(7c312be3edef3e442af5ec8ce98352bd) Importer(815301076,1909f56bfc062723c751e8b465ee728b)  -> (artifact id: '11b0e0d6d63c52a9cc992af4eb74bfc4') in 0.018248 seconds 
========================================================================
Received Prepare
Registering precompiled user dll's ...
Registered in 0.041772 seconds.
Begin MonoManager ReloadAssembly
Symbol file LoadedFromMemory doesn't match image C:\Users\main\New Unity Project (1)\Library\PackageCache\com.unity.visualscripting@1.6.1\Editor\VisualScripting.Core\Dependencies\YamlDotNet\Unity.VisualScripting.YamlDotNet.dll
Symbol file LoadedFromMemory doesn't match image C:\Users\main\New Unity Project (1)\Library\PackageCache\com.unity.visualscripting@1.6.1\Editor\VisualScripting.Core\Dependencies\DotNetZip\Unity.VisualScripting.IonicZip.dll
Native extension for WindowsStandalone target not found
Refreshing native plugins compatible for Editor in 1.55 ms, found 1 plugins.
Preloading 0 native plugins for Editor in 0.00 ms.
Mono: successfully reloaded assembly
- Completed reload, in  4.743 seconds
Platform modules already initialized, skipping
Refreshing native plugins compatible for Editor in 1.30 ms, found 1 plugins.
Preloading 0 native plugins for Editor in 0.00 ms.
Unloading 2819 Unused Serialized files (Serialized files now loaded: 0)
System memory in use before: 111.8 MB.
System memory in use after: 112.0 MB.

Unloading 11 unused Assets to reduce memory usage. Loaded Objects now: 3341.
Total: 6.268000 ms (FindLiveObjects: 0.774500 ms CreateObjectMapping: 0.506900 ms MarkObjects: 4.888800 ms  DeleteObjects: 0.094900 ms)

========================================================================
Received Prepare
Registering precompiled user dll's ...
Registered in 0.020481 seconds.
Begin MonoManager ReloadAssembly
Symbol file LoadedFromMemory doesn't match image C:\Users\main\New Unity Project (1)\Library\PackageCache\com.unity.visualscripting@1.6.1\Editor\VisualScripting.Core\Dependencies\YamlDotNet\Unity.VisualScripting.YamlDotNet.dll
Symbol file LoadedFromMemory doesn't match image C:\Users\main\New Unity Project (1)\Library\PackageCache\com.unity.visualscripting@1.6.1\Editor\VisualScripting.Core\Dependencies\DotNetZip\Unity.VisualScripting.IonicZip.dll
Native extension for WindowsStandalone target not found
Refreshing native plugins compatible for Editor in 0.73 ms, found 1 plugins.
Preloading 0 native plugins for Editor in 0.00 ms.
Mono: successfully reloaded assembly
- Completed reload, in  2.176 seconds
Platform modules already initialized, skipping
Refreshing native plugins compatible for Editor in 0.71 ms, found 1 plugins.
Preloading 0 native plugins for Editor in 0.00 ms.
Unloading 2819 Unused Serialized files (Serialized files now loaded: 0)
System memory in use before: 111.8 MB.
System memory in use after: 112.0 MB.

Unloading 11 unused Assets to reduce memory usage. Loaded Objects now: 3344.
Total: 3.517300 ms (FindLiveObjects: 0.366000 ms CreateObjectMapping: 0.290300 ms MarkObjects: 2.773300 ms  DeleteObjects: 0.085200 ms)

========================================================================
Received Prepare
Registering precompiled user dll's ...
Registered in 0.007166 seconds.
Begin MonoManager ReloadAssembly
Symbol file LoadedFromMemory doesn't match image C:\Users\main\New Unity Project (1)\Library\PackageCache\com.unity.visualscripting@1.6.1\Editor\VisualScripting.Core\Dependencies\YamlDotNet\Unity.VisualScripting.YamlDotNet.dll
Symbol file LoadedFromMemory doesn't match image C:\Users\main\New Unity Project (1)\Library\PackageCache\com.unity.visualscripting@1.6.1\Editor\VisualScripting.Core\Dependencies\DotNetZip\Unity.VisualScripting.IonicZip.dll
Native extension for WindowsStandalone target not found
Refreshing native plugins compatible for Editor in 0.81 ms, found 1 plugins.
Preloading 0 native plugins for Editor in 0.00 ms.
Mono: successfully reloaded assembly
- Completed reload, in  2.021 seconds
Platform modules already initialized, skipping
Refreshing native plugins compatible for Editor in 0.68 ms, found 1 plugins.
Preloading 0 native plugins for Editor in 0.00 ms.
Unloading 2819 Unused Serialized files (Serialized files now loaded: 0)
System memory in use before: 111.8 MB.
System memory in use after: 111.9 MB.

Unloading 11 unused Assets to reduce memory usage. Loaded Objects now: 3347.
Total: 5.418500 ms (FindLiveObjects: 0.330700 ms CreateObjectMapping: 1.257800 ms MarkObjects: 3.663800 ms  DeleteObjects: 0.164400 ms)

========================================================================
Received Prepare
Registering precompiled user dll's ...
Registered in 0.005521 seconds.
Begin MonoManager ReloadAssembly
Symbol file LoadedFromMemory doesn't match image C:\Users\main\New Unity Project (1)\Library\PackageCache\com.unity.visualscripting@1.6.1\Editor\VisualScripting.Core\Dependencies\YamlDotNet\Unity.VisualScripting.YamlDotNet.dll
Symbol file LoadedFromMemory doesn't match image C:\Users\main\New Unity Project (1)\Library\PackageCache\com.unity.visualscripting@1.6.1\Editor\VisualScripting.Core\Dependencies\DotNetZip\Unity.VisualScripting.IonicZip.dll
Native extension for WindowsStandalone target not found
Refreshing native plugins compatible for Editor in 1.26 ms, found 1 plugins.
Preloading 0 native plugins for Editor in 0.00 ms.
Mono: successfully reloaded assembly
- Completed reload, in  1.596 seconds
Platform modules already initialized, skipping
Refreshing native plugins compatible for Editor in 0.67 ms, found 1 plugins.
Preloading 0 native plugins for Editor in 0.00 ms.
Unloading 2819 Unused Serialized files (Serialized files now loaded: 0)
System memory in use before: 111.8 MB.
System memory in use after: 111.9 MB.

Unloading 11 unused Assets to reduce memory usage. Loaded Objects now: 3350.
Total: 3.495800 ms (FindLiveObjects: 0.321800 ms CreateObjectMapping: 0.204400 ms MarkObjects: 2.882200 ms  DeleteObjects: 0.085200 ms)

========================================================================
Received Import Request.
  Time since last request: 597.520862 seconds.
  path: Assets/box.png
  artifactKey: Guid(f5ee89a6d5812134e9691e6976434074) Importer(815301076,1909f56bfc062723c751e8b465ee728b)
Start importing Assets/box.png using Guid(f5ee89a6d5812134e9691e6976434074) Importer(815301076,1909f56bfc062723c751e8b465ee728b)  -> (artifact id: '3a523c8f18e9189ee74798431b007879') in 0.401506 seconds 
========================================================================
Received Import Request.
  Time since last request: 63.127745 seconds.
  path: Assets/box.png
  artifactKey: Guid(f5ee89a6d5812134e9691e6976434074) Importer(815301076,1909f56bfc062723c751e8b465ee728b)
Start importing Assets/box.png using Guid(f5ee89a6d5812134e9691e6976434074) Importer(815301076,1909f56bfc062723c751e8b465ee728b)  -> (artifact id: 'e682fa2e1c1511115024e682571c31ce') in 0.161539 seconds 
========================================================================
Received Import Request.
  Time since last request: 57.399476 seconds.
  path: Assets/scripts/GameManager.cs
  artifactKey: Guid(54bcb2ba0ab5b4941acb18c4caa7e690) Importer(815301076,1909f56bfc062723c751e8b465ee728b)
Start importing Assets/scripts/GameManager.cs using Guid(54bcb2ba0ab5b4941acb18c4caa7e690) Importer(815301076,1909f56bfc062723c751e8b465ee728b)  -> (artifact id: '839b14d6986e6468446876e145223322') in 0.054204 seconds 
========================================================================
Received Prepare
Registering precompiled user dll's ...
Registered in 0.008309 seconds.
Begin MonoManager ReloadAssembly
Symbol file LoadedFromMemory doesn't match image C:\Users\main\New Unity Project (1)\Library\PackageCache\com.unity.visualscripting@1.6.1\Editor\VisualScripting.Core\Dependencies\YamlDotNet\Unity.VisualScripting.YamlDotNet.dll
Symbol file LoadedFromMemory doesn't match image C:\Users\main\New Unity Project (1)\Library\PackageCache\com.unity.visualscripting@1.6.1\Editor\VisualScripting.Core\Dependencies\DotNetZip\Unity.VisualScripting.IonicZip.dll
Native extension for WindowsStandalone target not found
Refreshing native plugins compatible for Editor in 0.99 ms, found 1 plugins.
Preloading 0 native plugins for Editor in 0.00 ms.
Mono: successfully reloaded assembly
- Completed reload, in  2.211 seconds
Platform modules already initialized, skipping
Refreshing native plugins compatible for Editor in 0.70 ms, found 1 plugins.
Preloading 0 native plugins for Editor in 0.00 ms.
Unloading 2821 Unused Serialized files (Serialized files now loaded: 0)
System memory in use before: 114.0 MB.
System memory in use after: 114.2 MB.

Unloading 11 unused Assets to reduce memory usage. Loaded Objects now: 3388.
Total: 3.492800 ms (FindLiveObjects: 0.346200 ms CreateObjectMapping: 0.252200 ms MarkObjects: 2.802500 ms  DeleteObjects: 0.089900 ms)

========================================================================
Received Import Request.
  Time since last request: 1481.947469 seconds.
  path: Assets/scripts/GameManager.cs
  artifactKey: Guid(54bcb2ba0ab5b4941acb18c4caa7e690) Importer(815301076,1909f56bfc062723c751e8b465ee728b)
Start importing Assets/scripts/GameManager.cs using Guid(54bcb2ba0ab5b4941acb18c4caa7e690) Importer(815301076,1909f56bfc062723c751e8b465ee728b)  -> (artifact id: '2a13594129717e49237a862aeb5222a9') in 0.031408 seconds 
========================================================================
Received Prepare
Registering precompiled user dll's ...
Registered in 0.013519 seconds.
Begin MonoManager ReloadAssembly
Symbol file LoadedFromMemory doesn't match image C:\Users\main\New Unity Project (1)\Library\PackageCache\com.unity.visualscripting@1.6.1\Editor\VisualScripting.Core\Dependencies\YamlDotNet\Unity.VisualScripting.YamlDotNet.dll
Symbol file LoadedFromMemory doesn't match image C:\Users\main\New Unity Project (1)\Library\PackageCache\com.unity.visualscripting@1.6.1\Editor\VisualScripting.Core\Dependencies\DotNetZip\Unity.VisualScripting.IonicZip.dll
Native extension for WindowsStandalone target not found
Refreshing native plugins compatible for Editor in 0.96 ms, found 1 plugins.
Preloading 0 native plugins for Editor in 0.00 ms.
Mono: successfully reloaded assembly
- Completed reload, in  3.455 seconds
Platform modules already initialized, skipping
Refreshing native plugins compatible for Editor in 1.00 ms, found 1 plugins.
Preloading 0 native plugins for Editor in 0.00 ms.
Unloading 2820 Unused Serialized files (Serialized files now loaded: 0)
System memory in use before: 114.0 MB.
System memory in use after: 114.1 MB.

Unloading 11 unused Assets to reduce memory usage. Loaded Objects now: 3391.
Total: 13.394600 ms (FindLiveObjects: 0.374700 ms CreateObjectMapping: 0.231800 ms MarkObjects: 12.113100 ms  DeleteObjects: 0.672400 ms)

========================================================================
Received Prepare
Registering precompiled user dll's ...
Registered in 0.006082 seconds.
Begin MonoManager ReloadAssembly
Symbol file LoadedFromMemory doesn't match image C:\Users\main\New Unity Project (1)\Library\PackageCache\com.unity.visualscripting@1.6.1\Editor\VisualScripting.Core\Dependencies\YamlDotNet\Unity.VisualScripting.YamlDotNet.dll
Symbol file LoadedFromMemory doesn't match image C:\Users\main\New Unity Project (1)\Library\PackageCache\com.unity.visualscripting@1.6.1\Editor\VisualScripting.Core\Dependencies\DotNetZip\Unity.VisualScripting.IonicZip.dll
Native extension for WindowsStandalone target not found
Refreshing native plugins compatible for Editor in 1.38 ms, found 1 plugins.
Preloading 0 native plugins for Editor in 0.00 ms.
Mono: successfully reloaded assembly
- Completed reload, in  3.041 seconds
Platform modules already initialized, skipping
Refreshing native plugins compatible for Editor in 0.78 ms, found 1 plugins.
Preloading 0 native plugins for Editor in 0.00 ms.
Unloading 2820 Unused Serialized files (Serialized files now loaded: 0)
System memory in use before: 114.0 MB.
System memory in use after: 114.1 MB.

Unloading 11 unused Assets to reduce memory usage. Loaded Objects now: 3394.
Total: 3.835000 ms (FindLiveObjects: 0.414300 ms CreateObjectMapping: 0.337600 ms MarkObjects: 2.979900 ms  DeleteObjects: 0.101100 ms)

========================================================================
Received Prepare
Registering precompiled user dll's ...
Registered in 0.007197 seconds.
Begin MonoManager ReloadAssembly
Symbol file LoadedFromMemory doesn't match image C:\Users\main\New Unity Project (1)\Library\PackageCache\com.unity.visualscripting@1.6.1\Editor\VisualScripting.Core\Dependencies\YamlDotNet\Unity.VisualScripting.YamlDotNet.dll
Symbol file LoadedFromMemory doesn't match image C:\Users\main\New Unity Project (1)\Library\PackageCache\com.unity.visualscripting@1.6.1\Editor\VisualScripting.Core\Dependencies\DotNetZip\Unity.VisualScripting.IonicZip.dll
Native extension for WindowsStandalone target not found
Refreshing native plugins compatible for Editor in 1.37 ms, found 1 plugins.
Preloading 0 native plugins for Editor in 0.00 ms.
Mono: successfully reloaded assembly
- Completed reload, in  2.158 seconds
Platform modules already initialized, skipping
Refreshing native plugins compatible for Editor in 0.77 ms, found 1 plugins.
Preloading 0 native plugins for Editor in 0.00 ms.
Unloading 2820 Unused Serialized files (Serialized files now loaded: 0)
System memory in use before: 114.0 MB.
System memory in use after: 114.2 MB.

Unloading 11 unused Assets to reduce memory usage. Loaded Objects now: 3397.
Total: 6.201200 ms (FindLiveObjects: 0.402700 ms CreateObjectMapping: 0.325700 ms MarkObjects: 5.363800 ms  DeleteObjects: 0.106700 ms)

========================================================================
Received Prepare
Registering precompiled user dll's ...
Registered in 0.007386 seconds.
Begin MonoManager ReloadAssembly
Symbol file LoadedFromMemory doesn't match image C:\Users\main\New Unity Project (1)\Library\PackageCache\com.unity.visualscripting@1.6.1\Editor\VisualScripting.Core\Dependencies\YamlDotNet\Unity.VisualScripting.YamlDotNet.dll
Symbol file LoadedFromMemory doesn't match image C:\Users\main\New Unity Project (1)\Library\PackageCache\com.unity.visualscripting@1.6.1\Editor\VisualScripting.Core\Dependencies\DotNetZip\Unity.VisualScripting.IonicZip.dll
Native extension for WindowsStandalone target not found
Refreshing native plugins compatible for Editor in 0.67 ms, found 1 plugins.
Preloading 0 native plugins for Editor in 0.00 ms.
Mono: successfully reloaded assembly
- Completed reload, in  1.811 seconds
Platform modules already initialized, skipping
Refreshing native plugins compatible for Editor in 0.65 ms, found 1 plugins.
Preloading 0 native plugins for Editor in 0.00 ms.
Unloading 2820 Unused Serialized files (Serialized files now loaded: 0)
System memory in use before: 114.0 MB.
System memory in use after: 114.2 MB.

Unloading 11 unused Assets to reduce memory usage. Loaded Objects now: 3400.
Total: 3.391000 ms (FindLiveObjects: 0.332400 ms CreateObjectMapping: 0.219800 ms MarkObjects: 2.753500 ms  DeleteObjects: 0.083700 ms)

========================================================================
Received Import Request.
  Time since last request: 1328.235011 seconds.
  path: Assets/PreFab
  artifactKey: Guid(afd7f9a4326b7714784128e2353cb852) Importer(815301076,1909f56bfc062723c751e8b465ee728b)
Start importing Assets/PreFab using Guid(afd7f9a4326b7714784128e2353cb852) Importer(815301076,1909f56bfc062723c751e8b465ee728b)  -> (artifact id: '923fa67f7ccde879bde0f0f292ac6311') in 0.035020 seconds 
========================================================================
Received Import Request.
  Time since last request: 24.022914 seconds.
  path: Assets/Enemy.prefab
  artifactKey: Guid(3cde48c9cc4d0cd44b5631bc13f25cf7) Importer(815301076,1909f56bfc062723c751e8b465ee728b)
Start importing Assets/Enemy.prefab using Guid(3cde48c9cc4d0cd44b5631bc13f25cf7) Importer(815301076,1909f56bfc062723c751e8b465ee728b)  -> (artifact id: '0c7f9d31c6d3caa1ad9d2a3789094494') in 0.189315 seconds 
========================================================================
Received Import Request.
  Time since last request: 11.836508 seconds.
  path: Assets/PreFab/Enemy.prefab
  artifactKey: Guid(023c5e84a83f5884baa33dc114029d65) Importer(815301076,1909f56bfc062723c751e8b465ee728b)
Start importing Assets/PreFab/Enemy.prefab using Guid(023c5e84a83f5884baa33dc114029d65) Importer(815301076,1909f56bfc062723c751e8b465ee728b)  -> (artifact id: '25945cb9691b1592f3f10260d857d44b') in 0.053638 seconds 
========================================================================
Received Import Request.
  Time since last request: 6.648387 seconds.
  path: Assets/PreFab/Bullet.prefab
  artifactKey: Guid(25585618112002148bc7a8fe66577614) Importer(815301076,1909f56bfc062723c751e8b465ee728b)
Start importing Assets/PreFab/Bullet.prefab using Guid(25585618112002148bc7a8fe66577614) Importer(815301076,1909f56bfc062723c751e8b465ee728b)  -> (artifact id: '7789c9c3306d75c3b82ffbfcbc885b93') in 0.047556 seconds 
========================================================================
Received Prepare
Registering precompiled user dll's ...
Registered in 0.009098 seconds.
Begin MonoManager ReloadAssembly
Symbol file LoadedFromMemory doesn't match image C:\Users\main\New Unity Project (1)\Library\PackageCache\com.unity.visualscripting@1.6.1\Editor\VisualScripting.Core\Dependencies\YamlDotNet\Unity.VisualScripting.YamlDotNet.dll
Symbol file LoadedFromMemory doesn't match image C:\Users\main\New Unity Project (1)\Library\PackageCache\com.unity.visualscripting@1.6.1\Editor\VisualScripting.Core\Dependencies\DotNetZip\Unity.VisualScripting.IonicZip.dll
Native extension for WindowsStandalone target not found
Refreshing native plugins compatible for Editor in 0.86 ms, found 1 plugins.
Preloading 0 native plugins for Editor in 0.00 ms.
Mono: successfully reloaded assembly
- Completed reload, in  2.802 seconds
Platform modules already initialized, skipping
Refreshing native plugins compatible for Editor in 0.79 ms, found 1 plugins.
Preloading 0 native plugins for Editor in 0.00 ms.
Unloading 2820 Unused Serialized files (Serialized files now loaded: 0)
System memory in use before: 114.1 MB.
System memory in use after: 114.2 MB.

Unloading 11 unused Assets to reduce memory usage. Loaded Objects now: 3406.
Total: 3.875500 ms (FindLiveObjects: 0.329500 ms CreateObjectMapping: 0.251100 ms MarkObjects: 3.203100 ms  DeleteObjects: 0.089700 ms)

========================================================================
Received Prepare
Registering precompiled user dll's ...
Registered in 0.007203 seconds.
Begin MonoManager ReloadAssembly
Symbol file LoadedFromMemory doesn't match image C:\Users\main\New Unity Project (1)\Library\PackageCache\com.unity.visualscripting@1.6.1\Editor\VisualScripting.Core\Dependencies\YamlDotNet\Unity.VisualScripting.YamlDotNet.dll
Symbol file LoadedFromMemory doesn't match image C:\Users\main\New Unity Project (1)\Library\PackageCache\com.unity.visualscripting@1.6.1\Editor\VisualScripting.Core\Dependencies\DotNetZip\Unity.VisualScripting.IonicZip.dll
Native extension for WindowsStandalone target not found
Refreshing native plugins compatible for Editor in 0.88 ms, found 1 plugins.
Preloading 0 native plugins for Editor in 0.00 ms.
Mono: successfully reloaded assembly
- Completed reload, in  2.710 seconds
Platform modules already initialized, skipping
Refreshing native plugins compatible for Editor in 1.45 ms, found 1 plugins.
Preloading 0 native plugins for Editor in 0.00 ms.
Unloading 2820 Unused Serialized files (Serialized files now loaded: 0)
System memory in use before: 114.1 MB.
System memory in use after: 114.3 MB.

Unloading 11 unused Assets to reduce memory usage. Loaded Objects now: 3409.
Total: 3.699200 ms (FindLiveObjects: 0.335800 ms CreateObjectMapping: 0.219600 ms MarkObjects: 3.051400 ms  DeleteObjects: 0.090500 ms)

========================================================================
Received Prepare
Registering precompiled user dll's ...
Registered in 0.008351 seconds.
Begin MonoManager ReloadAssembly
Symbol file LoadedFromMemory doesn't match image C:\Users\main\New Unity Project (1)\Library\PackageCache\com.unity.visualscripting@1.6.1\Editor\VisualScripting.Core\Dependencies\YamlDotNet\Unity.VisualScripting.YamlDotNet.dll
Symbol file LoadedFromMemory doesn't match image C:\Users\main\New Unity Project (1)\Library\PackageCache\com.unity.visualscripting@1.6.1\Editor\VisualScripting.Core\Dependencies\DotNetZip\Unity.VisualScripting.IonicZip.dll
Native extension for WindowsStandalone target not found
Refreshing native plugins compatible for Editor in 0.69 ms, found 1 plugins.
Preloading 0 native plugins for Editor in 0.00 ms.
Mono: successfully reloaded assembly
- Completed reload, in  2.160 seconds
Platform modules already initialized, skipping
Refreshing native plugins compatible for Editor in 0.73 ms, found 1 plugins.
Preloading 0 native plugins for Editor in 0.00 ms.
Unloading 2820 Unused Serialized files (Serialized files now loaded: 0)
System memory in use before: 114.1 MB.
System memory in use after: 114.3 MB.

Unloading 11 unused Assets to reduce memory usage. Loaded Objects now: 3412.
Total: 4.398800 ms (FindLiveObjects: 0.583400 ms CreateObjectMapping: 0.406100 ms MarkObjects: 3.318000 ms  DeleteObjects: 0.088700 ms)

========================================================================
Received Prepare
Registering precompiled user dll's ...
Registered in 0.025450 seconds.
Begin MonoManager ReloadAssembly
Symbol file LoadedFromMemory doesn't match image C:\Users\main\New Unity Project (1)\Library\PackageCache\com.unity.visualscripting@1.6.1\Editor\VisualScripting.Core\Dependencies\YamlDotNet\Unity.VisualScripting.YamlDotNet.dll
Symbol file LoadedFromMemory doesn't match image C:\Users\main\New Unity Project (1)\Library\PackageCache\com.unity.visualscripting@1.6.1\Editor\VisualScripting.Core\Dependencies\DotNetZip\Unity.VisualScripting.IonicZip.dll
Native extension for WindowsStandalone target not found
Refreshing native plugins compatible for Editor in 0.79 ms, found 1 plugins.
Preloading 0 native plugins for Editor in 0.00 ms.
Mono: successfully reloaded assembly
- Completed reload, in  1.939 seconds
Platform modules already initialized, skipping
Refreshing native plugins compatible for Editor in 0.68 ms, found 1 plugins.
Preloading 0 native plugins for Editor in 0.00 ms.
Unloading 2820 Unused Serialized files (Serialized files now loaded: 0)
System memory in use before: 114.1 MB.
System memory in use after: 114.3 MB.

Unloading 11 unused Assets to reduce memory usage. Loaded Objects now: 3415.
Total: 3.354000 ms (FindLiveObjects: 0.329600 ms CreateObjectMapping: 0.266400 ms MarkObjects: 2.671800 ms  DeleteObjects: 0.084700 ms)

========================================================================
Received Import Request.
  Time since last request: 856.487261 seconds.
  path: Assets/PreFab/Enemy.prefab
  artifactKey: Guid(023c5e84a83f5884baa33dc114029d65) Importer(815301076,1909f56bfc062723c751e8b465ee728b)
Start importing Assets/PreFab/Enemy.prefab using Guid(023c5e84a83f5884baa33dc114029d65) Importer(815301076,1909f56bfc062723c751e8b465ee728b)  -> (artifact id: '9315dcda2e7a770c692c5a0e616785bf') in 0.118174 seconds 
========================================================================
Received Prepare
Registering precompiled user dll's ...
Registered in 0.013805 seconds.
Begin MonoManager ReloadAssembly
Symbol file LoadedFromMemory doesn't match image C:\Users\main\New Unity Project (1)\Library\PackageCache\com.unity.visualscripting@1.6.1\Editor\VisualScripting.Core\Dependencies\YamlDotNet\Unity.VisualScripting.YamlDotNet.dll
Symbol file LoadedFromMemory doesn't match image C:\Users\main\New Unity Project (1)\Library\PackageCache\com.unity.visualscripting@1.6.1\Editor\VisualScripting.Core\Dependencies\DotNetZip\Unity.VisualScripting.IonicZip.dll
Native extension for WindowsStandalone target not found
Refreshing native plugins compatible for Editor in 0.73 ms, found 1 plugins.
Preloading 0 native plugins for Editor in 0.00 ms.
Mono: successfully reloaded assembly
- Completed reload, in  2.515 seconds
Platform modules already initialized, skipping
Refreshing native plugins compatible for Editor in 0.66 ms, found 1 plugins.
Preloading 0 native plugins for Editor in 0.00 ms.
Unloading 2820 Unused Serialized files (Serialized files now loaded: 0)
System memory in use before: 114.1 MB.
System memory in use after: 114.3 MB.

Unloading 11 unused Assets to reduce memory usage. Loaded Objects now: 3419.
Total: 6.772500 ms (FindLiveObjects: 1.097400 ms CreateObjectMapping: 0.279300 ms MarkObjects: 5.258200 ms  DeleteObjects: 0.134300 ms)

========================================================================
Received Prepare
Registering precompiled user dll's ...
Registered in 0.008284 seconds.
Begin MonoManager ReloadAssembly
Symbol file LoadedFromMemory doesn't match image C:\Users\main\New Unity Project (1)\Library\PackageCache\com.unity.visualscripting@1.6.1\Editor\VisualScripting.Core\Dependencies\YamlDotNet\Unity.VisualScripting.YamlDotNet.dll
Symbol file LoadedFromMemory doesn't match image C:\Users\main\New Unity Project (1)\Library\PackageCache\com.unity.visualscripting@1.6.1\Editor\VisualScripting.Core\Dependencies\DotNetZip\Unity.VisualScripting.IonicZip.dll
Native extension for WindowsStandalone target not found
Refreshing native plugins compatible for Editor in 1.15 ms, found 1 plugins.
Preloading 0 native plugins for Editor in 0.00 ms.
Mono: successfully reloaded assembly
- Completed reload, in  2.101 seconds
Platform modules already initialized, skipping
Refreshing native plugins compatible for Editor in 0.70 ms, found 1 plugins.
Preloading 0 native plugins for Editor in 0.00 ms.
Unloading 2820 Unused Serialized files (Serialized files now loaded: 0)
System memory in use before: 114.1 MB.
System memory in use after: 114.3 MB.

Unloading 11 unused Assets to reduce memory usage. Loaded Objects now: 3422.
Total: 4.740300 ms (FindLiveObjects: 0.428100 ms CreateObjectMapping: 0.266200 ms MarkObjects: 3.949200 ms  DeleteObjects: 0.094600 ms)

========================================================================
Received Prepare
Registering precompiled user dll's ...
Registered in 0.005379 seconds.
Begin MonoManager ReloadAssembly
Symbol file LoadedFromMemory doesn't match image C:\Users\main\New Unity Project (1)\Library\PackageCache\com.unity.visualscripting@1.6.1\Editor\VisualScripting.Core\Dependencies\YamlDotNet\Unity.VisualScripting.YamlDotNet.dll
Symbol file LoadedFromMemory doesn't match image C:\Users\main\New Unity Project (1)\Library\PackageCache\com.unity.visualscripting@1.6.1\Editor\VisualScripting.Core\Dependencies\DotNetZip\Unity.VisualScripting.IonicZip.dll
Native extension for WindowsStandalone target not found
Refreshing native plugins compatible for Editor in 1.25 ms, found 1 plugins.
Preloading 0 native plugins for Editor in 0.00 ms.
Mono: successfully reloaded assembly
- Completed reload, in  2.347 seconds
Platform modules already initialized, skipping
Refreshing native plugins compatible for Editor in 0.69 ms, found 1 plugins.
Preloading 0 native plugins for Editor in 0.00 ms.
Unloading 2820 Unused Serialized files (Serialized files now loaded: 0)
System memory in use before: 114.1 MB.
System memory in use after: 114.3 MB.

Unloading 11 unused Assets to reduce memory usage. Loaded Objects now: 3425.
Total: 4.300200 ms (FindLiveObjects: 0.577600 ms CreateObjectMapping: 0.373100 ms MarkObjects: 3.260700 ms  DeleteObjects: 0.086600 ms)

========================================================================
Received Prepare
Registering precompiled user dll's ...
Registered in 0.014034 seconds.
Begin MonoManager ReloadAssembly
Symbol file LoadedFromMemory doesn't match image C:\Users\main\New Unity Project (1)\Library\PackageCache\com.unity.visualscripting@1.6.1\Editor\VisualScripting.Core\Dependencies\YamlDotNet\Unity.VisualScripting.YamlDotNet.dll
Symbol file LoadedFromMemory doesn't match image C:\Users\main\New Unity Project (1)\Library\PackageCache\com.unity.visualscripting@1.6.1\Editor\VisualScripting.Core\Dependencies\DotNetZip\Unity.VisualScripting.IonicZip.dll
Native extension for WindowsStandalone target not found
Refreshing native plugins compatible for Editor in 0.77 ms, found 1 plugins.
Preloading 0 native plugins for Editor in 0.00 ms.
Mono: successfully reloaded assembly
- Completed reload, in  1.975 seconds
Platform modules already initialized, skipping
Refreshing native plugins compatible for Editor in 0.69 ms, found 1 plugins.
Preloading 0 native plugins for Editor in 0.00 ms.
Unloading 2820 Unused Serialized files (Serialized files now loaded: 0)
System memory in use before: 114.1 MB.
System memory in use after: 114.3 MB.

Unloading 11 unused Assets to reduce memory usage. Loaded Objects now: 3428.
Total: 3.678000 ms (FindLiveObjects: 0.359300 ms CreateObjectMapping: 0.367100 ms MarkObjects: 2.866900 ms  DeleteObjects: 0.083200 ms)

AssetImportWorkerClient::OnTransportError - code=2 error=End of file
